Using pre-set license
Built from '2020.3/staging' branch; Version is '2020.3.11f1 (99c7afb366b3) revision 10078127'; Using compiler version '192528614'; Build Type 'Release'
OS: 'Windows 10 Pro; OS build 19041.1052; Version 2004; 64bit' Language: 'en' Physical Memory: 8098 MB
BatchMode: 1, IsHumanControllingUs: 0, StartBugReporterOnCrash: 0, Is64bit: 1, IsPro: 0

 COMMAND LINE ARGUMENTS:
G:\Unity\2020.3.11f1\Editor\Unity.exe
-adb2
-batchMode
-noUpm
-name
AssetImportWorker0
-projectPath
D:/JMC Academy/Tri 3/AGA307/O_Gonzalez_AGA307_A1
-logFile
Logs/AssetImportWorker0.log
-srvPort
54434
Successfully changed project path to: D:/JMC Academy/Tri 3/AGA307/O_Gonzalez_AGA307_A1
D:/JMC Academy/Tri 3/AGA307/O_Gonzalez_AGA307_A1
Using Asset Import Pipeline V2.
Refreshing native plugins compatible for Editor in 32.54 ms, found 2 plugins.
Preloading 0 native plugins for Editor in 0.00 ms.
Initialize engine version: 2020.3.11f1 (99c7afb366b3)
[Subsystems] Discovering subsystems at path G:/Unity/2020.3.11f1/Editor/Data/Resources/UnitySubsystems
[Subsystems] Discovering subsystems at path D:/JMC Academy/Tri 3/AGA307/O_Gonzalez_AGA307_A1/Assets
GfxDevice: creating device client; threaded=0
Direct3D:
    Version:  Direct3D 11.0 [level 11.1]
    Renderer: NVIDIA GeForce GTX 1060 3GB (ID=0x1c02)
    Vendor:   
    VRAM:     2988 MB
    Driver:   27.21.14.5671
Initialize mono
Mono path[0] = 'G:/Unity/2020.3.11f1/Editor/Data/Managed'
Mono path[1] = 'G:/Unity/2020.3.11f1/Editor/Data/MonoBleedingEdge/lib/mono/unityjit'
Mono config path = 'G:/Unity/2020.3.11f1/Editor/Data/MonoBleedingEdge/etc'
Using monoOptions --debugger-agent=transport=dt_socket,embedding=1,server=y,suspend=n,address=127.0.0.1:56816
Begin MonoManager ReloadAssembly
Registering precompiled unity dll's ...
Register platform support module: G:/Unity/2020.3.11f1/Editor/Data/PlaybackEngines/WindowsStandaloneSupport/UnityEditor.WindowsStandalone.Extensions.dll
Registered in 0.004463 seconds.
Native extension for WindowsStandalone target not found
Refreshing native plugins compatible for Editor in 30.56 ms, found 2 plugins.
Preloading 0 native plugins for Editor in 0.00 ms.
Mono: successfully reloaded assembly
- Completed reload, in  1.248 seconds
Platform modules already initialized, skipping
Registering precompiled user dll's ...
Registered in 0.003027 seconds.
Begin MonoManager ReloadAssembly
Native extension for WindowsStandalone target not found
Refreshing native plugins compatible for Editor in 0.34 ms, found 2 plugins.
Preloading 0 native plugins for Editor in 0.00 ms.
Mono: successfully reloaded assembly
- Completed reload, in  1.130 seconds
Platform modules already initialized, skipping
========================================================================
Worker process is ready to serve import requests
Launched and connected shader compiler UnityShaderCompiler.exe after 0.07 seconds
Refreshing native plugins compatible for Editor in 0.33 ms, found 2 plugins.
Preloading 0 native plugins for Editor in 0.00 ms.
Unloading 1759 Unused Serialized files (Serialized files now loaded: 0)
System memory in use before: 82.2 MB.
System memory in use after: 82.2 MB.

Unloading 77 unused Assets to reduce memory usage. Loaded Objects now: 2191.
Total: 2.421500 ms (FindLiveObjects: 0.168600 ms CreateObjectMapping: 0.068500 ms MarkObjects: 1.991800 ms  DeleteObjects: 0.191600 ms)

========================================================================
Received Import Request.
  path: Assets/Prefabs/Projectile_2.prefab
  artifactKey: Guid(3c18599928fe8834f8e4dcfc60b17133) Importer(815301076,1909f56bfc062723c751e8b465ee728b)
Start importing Assets/Prefabs/Projectile_2.prefab using Guid(3c18599928fe8834f8e4dcfc60b17133) Importer(815301076,1909f56bfc062723c751e8b465ee728b)  -> (artifact id: '02e8b272e08e8e75f56285f0fac3fa9d') in 0.222127 seconds
  Import took 0.235085 seconds .

========================================================================
Received Import Request.
  Time since last request: 1.049164 seconds.
  path: Assets/Prefabs/Projectile_3.prefab
  artifactKey: Guid(6f650432abec7434d8862040f22e440c) Importer(815301076,1909f56bfc062723c751e8b465ee728b)
Start importing Assets/Prefabs/Projectile_3.prefab using Guid(6f650432abec7434d8862040f22e440c) Importer(815301076,1909f56bfc062723c751e8b465ee728b)  -> (artifact id: '9b9d670c7f39712cc4674f6007986d85') in 0.017030 seconds
  Import took 0.031839 seconds .

========================================================================
Received Import Request.
  Time since last request: 10.509802 seconds.
  path: Assets/Prefabs/Projectile_2.prefab
  artifactKey: Guid(3c18599928fe8834f8e4dcfc60b17133) Importer(815301076,1909f56bfc062723c751e8b465ee728b)
Start importing Assets/Prefabs/Projectile_2.prefab using Guid(3c18599928fe8834f8e4dcfc60b17133) Importer(815301076,1909f56bfc062723c751e8b465ee728b)  -> (artifact id: 'd45c6e78ea4198b71eb296508f00a54d') in 0.010747 seconds
  Import took 0.026491 seconds .

========================================================================
Received Import Request.
  Time since last request: 1.700346 seconds.
  path: Assets/Prefabs/Projectile_3.prefab
  artifactKey: Guid(6f650432abec7434d8862040f22e440c) Importer(815301076,1909f56bfc062723c751e8b465ee728b)
Start importing Assets/Prefabs/Projectile_3.prefab using Guid(6f650432abec7434d8862040f22e440c) Importer(815301076,1909f56bfc062723c751e8b465ee728b)  -> (artifact id: '5e4fec47c09d5bfe5f52fd7e8fcb85d6') in 0.009431 seconds
  Import took 0.022367 seconds .

========================================================================
Received Prepare
Registering precompiled user dll's ...
Registered in 0.002581 seconds.
Begin MonoManager ReloadAssembly
Native extension for WindowsStandalone target not found
Refreshing native plugins compatible for Editor in 0.35 ms, found 2 plugins.
Preloading 0 native plugins for Editor in 0.00 ms.
Warning: Annotation not found!
UnityEngine.StackTraceUtility:ExtractStackTrace ()
UnityEditor.ProBuilder.EditorUtility:SetGizmoIconEnabled (System.Type,bool) (at Library/PackageCache/com.unity.probuilder@4.5.0/Editor/EditorCore/EditorUtility.cs:593)
UnityEditor.ProBuilder.HierarchyListener:.cctor () (at Library/PackageCache/com.unity.probuilder@4.5.0/Editor/EditorCore/HierarchyListener.cs:21)
System.Runtime.CompilerServices.RuntimeHelpers:RunClassConstructor (System.RuntimeTypeHandle)
UnityEditor.EditorAssemblies:ProcessInitializeOnLoadAttributes (System.Type[])

[Library/PackageCache/com.unity.probuilder@4.5.0/Editor/EditorCore/EditorUtility.cs line 593]

Mono: successfully reloaded assembly
- Completed reload, in  1.025 seconds
Platform modules already initialized, skipping
Refreshing native plugins compatible for Editor in 0.34 ms, found 2 plugins.
Preloading 0 native plugins for Editor in 0.00 ms.
Unloading 1726 Unused Serialized files (Serialized files now loaded: 0)
System memory in use before: 82.6 MB.
System memory in use after: 82.7 MB.

Unloading 15 unused Assets to reduce memory usage. Loaded Objects now: 2202.
Total: 2.069000 ms (FindLiveObjects: 0.144700 ms CreateObjectMapping: 0.051300 ms MarkObjects: 1.776300 ms  DeleteObjects: 0.095700 ms)

========================================================================
Received Prepare
Registering precompiled user dll's ...
Registered in 0.002821 seconds.
Begin MonoManager ReloadAssembly
Native extension for WindowsStandalone target not found
Refreshing native plugins compatible for Editor in 0.34 ms, found 2 plugins.
Preloading 0 native plugins for Editor in 0.00 ms.
Warning: Annotation not found!
UnityEngine.StackTraceUtility:ExtractStackTrace ()
UnityEditor.ProBuilder.EditorUtility:SetGizmoIconEnabled (System.Type,bool) (at Library/PackageCache/com.unity.probuilder@4.5.0/Editor/EditorCore/EditorUtility.cs:593)
UnityEditor.ProBuilder.HierarchyListener:.cctor () (at Library/PackageCache/com.unity.probuilder@4.5.0/Editor/EditorCore/HierarchyListener.cs:21)
System.Runtime.CompilerServices.RuntimeHelpers:RunClassConstructor (System.RuntimeTypeHandle)
UnityEditor.EditorAssemblies:ProcessInitializeOnLoadAttributes (System.Type[])

[Library/PackageCache/com.unity.probuilder@4.5.0/Editor/EditorCore/EditorUtility.cs line 593]

Mono: successfully reloaded assembly
- Completed reload, in  1.049 seconds
Platform modules already initialized, skipping
Refreshing native plugins compatible for Editor in 0.53 ms, found 2 plugins.
Preloading 0 native plugins for Editor in 0.00 ms.
Unloading 1726 Unused Serialized files (Serialized files now loaded: 0)
System memory in use before: 82.7 MB.
System memory in use after: 82.7 MB.

Unloading 15 unused Assets to reduce memory usage. Loaded Objects now: 2205.
Total: 2.286200 ms (FindLiveObjects: 0.148100 ms CreateObjectMapping: 0.048600 ms MarkObjects: 1.979900 ms  DeleteObjects: 0.108600 ms)

========================================================================
Received Import Request.
  Time since last request: 717.425182 seconds.
  path: Assets/Scripts/TargetManager.cs
  artifactKey: Guid(7ab08d86a57a6a34290a2068934c08f6) Importer(815301076,1909f56bfc062723c751e8b465ee728b)
Start importing Assets/Scripts/TargetManager.cs using Guid(7ab08d86a57a6a34290a2068934c08f6) Importer(815301076,1909f56bfc062723c751e8b465ee728b)  -> (artifact id: '0fda81dfe708ad88f03550e69202fd82') in 0.022510 seconds
  Import took 0.036810 seconds .

========================================================================
Received Prepare
Registering precompiled user dll's ...
Registered in 0.002822 seconds.
Begin MonoManager ReloadAssembly
Native extension for WindowsStandalone target not found
Refreshing native plugins compatible for Editor in 0.35 ms, found 2 plugins.
Preloading 0 native plugins for Editor in 0.00 ms.
Warning: Annotation not found!
UnityEngine.StackTraceUtility:ExtractStackTrace ()
UnityEditor.ProBuilder.EditorUtility:SetGizmoIconEnabled (System.Type,bool) (at Library/PackageCache/com.unity.probuilder@4.5.0/Editor/EditorCore/EditorUtility.cs:593)
UnityEditor.ProBuilder.HierarchyListener:.cctor () (at Library/PackageCache/com.unity.probuilder@4.5.0/Editor/EditorCore/HierarchyListener.cs:21)
System.Runtime.CompilerServices.RuntimeHelpers:RunClassConstructor (System.RuntimeTypeHandle)
UnityEditor.EditorAssemblies:ProcessInitializeOnLoadAttributes (System.Type[])

[Library/PackageCache/com.unity.probuilder@4.5.0/Editor/EditorCore/EditorUtility.cs line 593]

Mono: successfully reloaded assembly
- Completed reload, in  1.034 seconds
Platform modules already initialized, skipping
Refreshing native plugins compatible for Editor in 0.34 ms, found 2 plugins.
Preloading 0 native plugins for Editor in 0.00 ms.
Unloading 1727 Unused Serialized files (Serialized files now loaded: 0)
System memory in use before: 82.7 MB.
System memory in use after: 82.8 MB.

Unloading 15 unused Assets to reduce memory usage. Loaded Objects now: 2209.
Total: 2.401000 ms (FindLiveObjects: 0.142600 ms CreateObjectMapping: 0.047200 ms MarkObjects: 2.102900 ms  DeleteObjects: 0.107300 ms)

========================================================================
Received Prepare
Registering precompiled user dll's ...
Registered in 0.002638 seconds.
Begin MonoManager ReloadAssembly
Native extension for WindowsStandalone target not found
Refreshing native plugins compatible for Editor in 0.34 ms, found 2 plugins.
Preloading 0 native plugins for Editor in 0.00 ms.
Warning: Annotation not found!
UnityEngine.StackTraceUtility:ExtractStackTrace ()
UnityEditor.ProBuilder.EditorUtility:SetGizmoIconEnabled (System.Type,bool) (at Library/PackageCache/com.unity.probuilder@4.5.0/Editor/EditorCore/EditorUtility.cs:593)
UnityEditor.ProBuilder.HierarchyListener:.cctor () (at Library/PackageCache/com.unity.probuilder@4.5.0/Editor/EditorCore/HierarchyListener.cs:21)
System.Runtime.CompilerServices.RuntimeHelpers:RunClassConstructor (System.RuntimeTypeHandle)
UnityEditor.EditorAssemblies:ProcessInitializeOnLoadAttributes (System.Type[])

[Library/PackageCache/com.unity.probuilder@4.5.0/Editor/EditorCore/EditorUtility.cs line 593]

Mono: successfully reloaded assembly
- Completed reload, in  1.021 seconds
Platform modules already initialized, skipping
Refreshing native plugins compatible for Editor in 0.35 ms, found 2 plugins.
Preloading 0 native plugins for Editor in 0.00 ms.
Unloading 1727 Unused Serialized files (Serialized files now loaded: 0)
System memory in use before: 82.7 MB.
System memory in use after: 82.8 MB.

Unloading 15 unused Assets to reduce memory usage. Loaded Objects now: 2212.
Total: 2.104800 ms (FindLiveObjects: 0.168600 ms CreateObjectMapping: 0.058700 ms MarkObjects: 1.717800 ms  DeleteObjects: 0.158600 ms)

========================================================================
Received Import Request.
  Time since last request: 110.801703 seconds.
  path: Assets/Scripts/TargetManager.cs
  artifactKey: Guid(7ab08d86a57a6a34290a2068934c08f6) Importer(815301076,1909f56bfc062723c751e8b465ee728b)
Start importing Assets/Scripts/TargetManager.cs using Guid(7ab08d86a57a6a34290a2068934c08f6) Importer(815301076,1909f56bfc062723c751e8b465ee728b)  -> (artifact id: 'ad54883e90312f5278d6ebed27fba00a') in 0.005926 seconds
  Import took 0.031539 seconds .

========================================================================
Received Prepare
Registering precompiled user dll's ...
Registered in 0.002642 seconds.
Begin MonoManager ReloadAssembly
Native extension for WindowsStandalone target not found
Refreshing native plugins compatible for Editor in 0.35 ms, found 2 plugins.
Preloading 0 native plugins for Editor in 0.00 ms.
Warning: Annotation not found!
UnityEngine.StackTraceUtility:ExtractStackTrace ()
UnityEditor.ProBuilder.EditorUtility:SetGizmoIconEnabled (System.Type,bool) (at Library/PackageCache/com.unity.probuilder@4.5.0/Editor/EditorCore/EditorUtility.cs:593)
UnityEditor.ProBuilder.HierarchyListener:.cctor () (at Library/PackageCache/com.unity.probuilder@4.5.0/Editor/EditorCore/HierarchyListener.cs:21)
System.Runtime.CompilerServices.RuntimeHelpers:RunClassConstructor (System.RuntimeTypeHandle)
UnityEditor.EditorAssemblies:ProcessInitializeOnLoadAttributes (System.Type[])

[Library/PackageCache/com.unity.probuilder@4.5.0/Editor/EditorCore/EditorUtility.cs line 593]

Mono: successfully reloaded assembly
- Completed reload, in  1.015 seconds
Platform modules already initialized, skipping
Refreshing native plugins compatible for Editor in 0.33 ms, found 2 plugins.
Preloading 0 native plugins for Editor in 0.00 ms.
Unloading 1727 Unused Serialized files (Serialized files now loaded: 0)
System memory in use before: 82.8 MB.
System memory in use after: 82.8 MB.

Unloading 15 unused Assets to reduce memory usage. Loaded Objects now: 2215.
Total: 2.464100 ms (FindLiveObjects: 0.143200 ms CreateObjectMapping: 0.046200 ms MarkObjects: 2.151700 ms  DeleteObjects: 0.121800 ms)

========================================================================
Received Import Request.
  Time since last request: 451.897677 seconds.
  path: Assets/Scripts/TargetManager.cs
  artifactKey: Guid(7ab08d86a57a6a34290a2068934c08f6) Importer(815301076,1909f56bfc062723c751e8b465ee728b)
Start importing Assets/Scripts/TargetManager.cs using Guid(7ab08d86a57a6a34290a2068934c08f6) Importer(815301076,1909f56bfc062723c751e8b465ee728b)  -> (artifact id: 'd9b216a3ec3b6c68f903121fc73a2ef5') in 0.006334 seconds
  Import took 0.036648 seconds .

========================================================================
Received Prepare
Registering precompiled user dll's ...
Registered in 0.002752 seconds.
Begin MonoManager ReloadAssembly
Native extension for WindowsStandalone target not found
Refreshing native plugins compatible for Editor in 0.36 ms, found 2 plugins.
Preloading 0 native plugins for Editor in 0.00 ms.
Warning: Annotation not found!
UnityEngine.StackTraceUtility:ExtractStackTrace ()
UnityEditor.ProBuilder.EditorUtility:SetGizmoIconEnabled (System.Type,bool) (at Library/PackageCache/com.unity.probuilder@4.5.0/Editor/EditorCore/EditorUtility.cs:593)
UnityEditor.ProBuilder.HierarchyListener:.cctor () (at Library/PackageCache/com.unity.probuilder@4.5.0/Editor/EditorCore/HierarchyListener.cs:21)
System.Runtime.CompilerServices.RuntimeHelpers:RunClassConstructor (System.RuntimeTypeHandle)
UnityEditor.EditorAssemblies:ProcessInitializeOnLoadAttributes (System.Type[])

[Library/PackageCache/com.unity.probuilder@4.5.0/Editor/EditorCore/EditorUtility.cs line 593]

Mono: successfully reloaded assembly
- Completed reload, in  1.037 seconds
Platform modules already initialized, skipping
Refreshing native plugins compatible for Editor in 0.37 ms, found 2 plugins.
Preloading 0 native plugins for Editor in 0.00 ms.
Unloading 1727 Unused Serialized files (Serialized files now loaded: 0)
System memory in use before: 82.8 MB.
System memory in use after: 82.8 MB.

Unloading 15 unused Assets to reduce memory usage. Loaded Objects now: 2218.
Total: 2.867300 ms (FindLiveObjects: 0.230300 ms CreateObjectMapping: 0.074500 ms MarkObjects: 2.444200 ms  DeleteObjects: 0.117300 ms)

========================================================================
Received Import Request.
  Time since last request: 99.730805 seconds.
  path: Assets/Prefabs/Enemy 1.prefab
  artifactKey: Guid(db387b0c52405754a806d3d67d7f61a9) Importer(815301076,1909f56bfc062723c751e8b465ee728b)
Start importing Assets/Prefabs/Enemy 1.prefab using Guid(db387b0c52405754a806d3d67d7f61a9) Importer(815301076,1909f56bfc062723c751e8b465ee728b)  -> (artifact id: 'c441aa15d3f9be23916fc11c5c852c22') in 0.087907 seconds
  Import took 0.114305 seconds .

========================================================================
Received Import Request.
  Time since last request: 0.509855 seconds.
  path: Assets/Prefabs/Enemy 2.prefab
  artifactKey: Guid(17f06985f3ffb164489f740b8558a341) Importer(815301076,1909f56bfc062723c751e8b465ee728b)
Start importing Assets/Prefabs/Enemy 2.prefab using Guid(17f06985f3ffb164489f740b8558a341) Importer(815301076,1909f56bfc062723c751e8b465ee728b)  -> (artifact id: '40194626f98a7a7e98acd5b39453d938') in 0.012385 seconds
  Import took 0.031259 seconds .

========================================================================
Received Import Request.
  Time since last request: 0.434390 seconds.
  path: Assets/Prefabs/Enemy 3.prefab
  artifactKey: Guid(959d21de8b9cd4f45844ac7d616ab182) Importer(815301076,1909f56bfc062723c751e8b465ee728b)
Start importing Assets/Prefabs/Enemy 3.prefab using Guid(959d21de8b9cd4f45844ac7d616ab182) Importer(815301076,1909f56bfc062723c751e8b465ee728b)  -> (artifact id: '1c8a91c2d3408cbcccd84d3e2bd65b55') in 0.022894 seconds
  Import took 0.034406 seconds .

========================================================================
Received Import Request.
  Time since last request: 0.460713 seconds.
  path: Assets/Prefabs/Enemy 4.prefab
  artifactKey: Guid(d2faf52805851324e9b5f94aa8e1eb96) Importer(815301076,1909f56bfc062723c751e8b465ee728b)
Start importing Assets/Prefabs/Enemy 4.prefab using Guid(d2faf52805851324e9b5f94aa8e1eb96) Importer(815301076,1909f56bfc062723c751e8b465ee728b)  -> (artifact id: '3a376c3a11550ae1789fad8a2ef6d712') in 0.012022 seconds
  Import took 0.015317 seconds .

========================================================================
Received Import Request.
  Time since last request: 0.004536 seconds.
  path: Assets/Prefabs/Enemy 4.prefab
  artifactKey: Guid(d2faf52805851324e9b5f94aa8e1eb96) Importer(815301076,1909f56bfc062723c751e8b465ee728b)
Start importing Assets/Prefabs/Enemy 4.prefab using Guid(d2faf52805851324e9b5f94aa8e1eb96) Importer(815301076,1909f56bfc062723c751e8b465ee728b)  -> (artifact id: '3a376c3a11550ae1789fad8a2ef6d712') in 0.008072 seconds
  Import took 0.010863 seconds .

========================================================================
Received Import Request.
  Time since last request: 25.204686 seconds.
  path: Assets/Prefabs/Target.prefab
  artifactKey: Guid(fb91c8d3484223348977240ed88cc6d3) Importer(815301076,1909f56bfc062723c751e8b465ee728b)
Start importing Assets/Prefabs/Target.prefab using Guid(fb91c8d3484223348977240ed88cc6d3) Importer(815301076,1909f56bfc062723c751e8b465ee728b)  -> (artifact id: '0b7327949b6f011b4d19e8341d1e817e') in 0.021407 seconds
  Import took 0.028537 seconds .

========================================================================
Received Import Request.
  Time since last request: 62.345273 seconds.
  path: Assets/Scripts/Target.cs
  artifactKey: Guid(69556e7a2272bfb4fbf6e94ae2b67218) Importer(815301076,1909f56bfc062723c751e8b465ee728b)
Start importing Assets/Scripts/Target.cs using Guid(69556e7a2272bfb4fbf6e94ae2b67218) Importer(815301076,1909f56bfc062723c751e8b465ee728b)  -> (artifact id: '95f2482f91bc9b60677dc4ca71840caa') in 0.004142 seconds
  Import took 0.032305 seconds .

========================================================================
Received Prepare
Registering precompiled user dll's ...
Registered in 0.002727 seconds.
Begin MonoManager ReloadAssembly
Native extension for WindowsStandalone target not found
Refreshing native plugins compatible for Editor in 0.51 ms, found 2 plugins.
Preloading 0 native plugins for Editor in 0.00 ms.
Warning: Annotation not found!
UnityEngine.StackTraceUtility:ExtractStackTrace ()
UnityEditor.ProBuilder.EditorUtility:SetGizmoIconEnabled (System.Type,bool) (at Library/PackageCache/com.unity.probuilder@4.5.0/Editor/EditorCore/EditorUtility.cs:593)
UnityEditor.ProBuilder.HierarchyListener:.cctor () (at Library/PackageCache/com.unity.probuilder@4.5.0/Editor/EditorCore/HierarchyListener.cs:21)
System.Runtime.CompilerServices.RuntimeHelpers:RunClassConstructor (System.RuntimeTypeHandle)
UnityEditor.EditorAssemblies:ProcessInitializeOnLoadAttributes (System.Type[])

[Library/PackageCache/com.unity.probuilder@4.5.0/Editor/EditorCore/EditorUtility.cs line 593]

Mono: successfully reloaded assembly
- Completed reload, in  1.149 seconds
Platform modules already initialized, skipping
Refreshing native plugins compatible for Editor in 0.35 ms, found 2 plugins.
Preloading 0 native plugins for Editor in 0.00 ms.
Unloading 1727 Unused Serialized files (Serialized files now loaded: 0)
System memory in use before: 82.8 MB.
System memory in use after: 82.9 MB.

Unloading 15 unused Assets to reduce memory usage. Loaded Objects now: 2225.
Total: 2.106300 ms (FindLiveObjects: 0.139900 ms CreateObjectMapping: 0.046100 ms MarkObjects: 1.817200 ms  DeleteObjects: 0.102200 ms)

========================================================================
Received Import Request.
  Time since last request: 37.703024 seconds.
  path: Assets/Scripts/Enemy.cs
  artifactKey: Guid(69556e7a2272bfb4fbf6e94ae2b67218) Importer(815301076,1909f56bfc062723c751e8b465ee728b)
Start importing Assets/Scripts/Enemy.cs using Guid(69556e7a2272bfb4fbf6e94ae2b67218) Importer(815301076,1909f56bfc062723c751e8b465ee728b)  -> (artifact id: 'a817a68ca1485302c94a3ddbf4fe40fe') in 0.007755 seconds
  Import took 0.021936 seconds .

========================================================================
Received Import Request.
  Time since last request: 1.735399 seconds.
  path: Assets/Scripts/FiringPoint.cs
  artifactKey: Guid(7ba6a148afefe8440a4767473b6897ed) Importer(815301076,1909f56bfc062723c751e8b465ee728b)
Start importing Assets/Scripts/FiringPoint.cs using Guid(7ba6a148afefe8440a4767473b6897ed) Importer(815301076,1909f56bfc062723c751e8b465ee728b)  -> (artifact id: 'a299550458ee57bfe5b9f30a9fc4c5b7') in 0.003043 seconds
  Import took 0.013658 seconds .

========================================================================
Received Import Request.
  Time since last request: 0.031139 seconds.
  path: Assets/Scripts/FiringPoint.cs
  artifactKey: Guid(7ba6a148afefe8440a4767473b6897ed) Importer(815301076,1909f56bfc062723c751e8b465ee728b)
Start importing Assets/Scripts/FiringPoint.cs using Guid(7ba6a148afefe8440a4767473b6897ed) Importer(815301076,1909f56bfc062723c751e8b465ee728b)  -> (artifact id: 'a299550458ee57bfe5b9f30a9fc4c5b7') in 0.002344 seconds
  Import took 0.005121 seconds .

========================================================================
Received Import Request.
  Time since last request: 1.845794 seconds.
  path: Assets/Scripts/SpawnPoint.cs
  artifactKey: Guid(c07c3db9e75fd7947ab8f7baf2977cf6) Importer(815301076,1909f56bfc062723c751e8b465ee728b)
Start importing Assets/Scripts/SpawnPoint.cs using Guid(c07c3db9e75fd7947ab8f7baf2977cf6) Importer(815301076,1909f56bfc062723c751e8b465ee728b)  -> (artifact id: '610d7981a46718f2cf6ec3627a4af77f') in 0.002161 seconds
  Import took 0.029022 seconds .

========================================================================
Received Import Request.
  Time since last request: 60.805340 seconds.
  path: Assets/Prefabs/Enemy 1.prefab
  artifactKey: Guid(db387b0c52405754a806d3d67d7f61a9) Importer(815301076,1909f56bfc062723c751e8b465ee728b)
Start importing Assets/Prefabs/Enemy 1.prefab using Guid(db387b0c52405754a806d3d67d7f61a9) Importer(815301076,1909f56bfc062723c751e8b465ee728b)  -> (artifact id: 'aa60ca52af48b6016ad78f4335d308d9') in 0.047108 seconds
  Import took 0.064178 seconds .

========================================================================
Received Import Request.
  Time since last request: 110.759158 seconds.
  path: Assets/Scripts/Target.cs
  artifactKey: Guid(ee6a181477426c247a339f500281d7a8) Importer(815301076,1909f56bfc062723c751e8b465ee728b)
Start importing Assets/Scripts/Target.cs using Guid(ee6a181477426c247a339f500281d7a8) Importer(815301076,1909f56bfc062723c751e8b465ee728b)  -> (artifact id: '25ec655d381a7cf3de7f3ee1d8ea4603') in 0.002956 seconds
  Import took 0.019809 seconds .

========================================================================
Received Prepare
Registering precompiled user dll's ...
Registered in 0.002606 seconds.
Begin MonoManager ReloadAssembly
Native extension for WindowsStandalone target not found
Refreshing native plugins compatible for Editor in 0.34 ms, found 2 plugins.
Preloading 0 native plugins for Editor in 0.00 ms.
Warning: Annotation not found!
UnityEngine.StackTraceUtility:ExtractStackTrace ()
UnityEditor.ProBuilder.EditorUtility:SetGizmoIconEnabled (System.Type,bool) (at Library/PackageCache/com.unity.probuilder@4.5.0/Editor/EditorCore/EditorUtility.cs:593)
UnityEditor.ProBuilder.HierarchyListener:.cctor () (at Library/PackageCache/com.unity.probuilder@4.5.0/Editor/EditorCore/HierarchyListener.cs:21)
System.Runtime.CompilerServices.RuntimeHelpers:RunClassConstructor (System.RuntimeTypeHandle)
UnityEditor.EditorAssemblies:ProcessInitializeOnLoadAttributes (System.Type[])

[Library/PackageCache/com.unity.probuilder@4.5.0/Editor/EditorCore/EditorUtility.cs line 593]

Mono: successfully reloaded assembly
- Completed reload, in  1.041 seconds
Platform modules already initialized, skipping
Refreshing native plugins compatible for Editor in 0.38 ms, found 2 plugins.
Preloading 0 native plugins for Editor in 0.00 ms.
Unloading 1728 Unused Serialized files (Serialized files now loaded: 0)
System memory in use before: 82.9 MB.
System memory in use after: 82.9 MB.

Unloading 15 unused Assets to reduce memory usage. Loaded Objects now: 2230.
Total: 2.148100 ms (FindLiveObjects: 0.172600 ms CreateObjectMapping: 0.061700 ms MarkObjects: 1.803200 ms  DeleteObjects: 0.109200 ms)

========================================================================
Received Prepare
Registering precompiled user dll's ...
Registered in 0.002723 seconds.
Begin MonoManager ReloadAssembly
Native extension for WindowsStandalone target not found
Refreshing native plugins compatible for Editor in 0.35 ms, found 2 plugins.
Preloading 0 native plugins for Editor in 0.00 ms.
Warning: Annotation not found!
UnityEngine.StackTraceUtility:ExtractStackTrace ()
UnityEditor.ProBuilder.EditorUtility:SetGizmoIconEnabled (System.Type,bool) (at Library/PackageCache/com.unity.probuilder@4.5.0/Editor/EditorCore/EditorUtility.cs:593)
UnityEditor.ProBuilder.HierarchyListener:.cctor () (at Library/PackageCache/com.unity.probuilder@4.5.0/Editor/EditorCore/HierarchyListener.cs:21)
System.Runtime.CompilerServices.RuntimeHelpers:RunClassConstructor (System.RuntimeTypeHandle)
UnityEditor.EditorAssemblies:ProcessInitializeOnLoadAttributes (System.Type[])

[Library/PackageCache/com.unity.probuilder@4.5.0/Editor/EditorCore/EditorUtility.cs line 593]

Mono: successfully reloaded assembly
- Completed reload, in  1.037 seconds
Platform modules already initialized, skipping
Refreshing native plugins compatible for Editor in 0.36 ms, found 2 plugins.
Preloading 0 native plugins for Editor in 0.00 ms.
Unloading 1728 Unused Serialized files (Serialized files now loaded: 0)
System memory in use before: 82.9 MB.
System memory in use after: 82.9 MB.

Unloading 15 unused Assets to reduce memory usage. Loaded Objects now: 2233.
Total: 2.341800 ms (FindLiveObjects: 0.159000 ms CreateObjectMapping: 0.053900 ms MarkObjects: 2.016700 ms  DeleteObjects: 0.111100 ms)

========================================================================
Received Prepare
Registering precompiled user dll's ...
Registered in 0.002736 seconds.
Begin MonoManager ReloadAssembly
Native extension for WindowsStandalone target not found
Refreshing native plugins compatible for Editor in 0.36 ms, found 2 plugins.
Preloading 0 native plugins for Editor in 0.00 ms.
Warning: Annotation not found!
UnityEngine.StackTraceUtility:ExtractStackTrace ()
UnityEditor.ProBuilder.EditorUtility:SetGizmoIconEnabled (System.Type,bool) (at Library/PackageCache/com.unity.probuilder@4.5.0/Editor/EditorCore/EditorUtility.cs:593)
UnityEditor.ProBuilder.HierarchyListener:.cctor () (at Library/PackageCache/com.unity.probuilder@4.5.0/Editor/EditorCore/HierarchyListener.cs:21)
System.Runtime.CompilerServices.RuntimeHelpers:RunClassConstructor (System.RuntimeTypeHandle)
UnityEditor.EditorAssemblies:ProcessInitializeOnLoadAttributes (System.Type[])

[Library/PackageCache/com.unity.probuilder@4.5.0/Editor/EditorCore/EditorUtility.cs line 593]

Mono: successfully reloaded assembly
- Completed reload, in  1.023 seconds
Platform modules already initialized, skipping
Refreshing native plugins compatible for Editor in 0.35 ms, found 2 plugins.
Preloading 0 native plugins for Editor in 0.00 ms.
Unloading 1728 Unused Serialized files (Serialized files now loaded: 0)
System memory in use before: 82.9 MB.
System memory in use after: 82.9 MB.

Unloading 15 unused Assets to reduce memory usage. Loaded Objects now: 2236.
Total: 2.543700 ms (FindLiveObjects: 0.159000 ms CreateObjectMapping: 0.047600 ms MarkObjects: 2.230500 ms  DeleteObjects: 0.105500 ms)

========================================================================
Received Import Request.
  Time since last request: 115.655437 seconds.
  path: Assets/Prefabs/Enemy 1.prefab
  artifactKey: Guid(db387b0c52405754a806d3d67d7f61a9) Importer(815301076,1909f56bfc062723c751e8b465ee728b)
Start importing Assets/Prefabs/Enemy 1.prefab using Guid(db387b0c52405754a806d3d67d7f61a9) Importer(815301076,1909f56bfc062723c751e8b465ee728b)  -> (artifact id: '14b8f3d1edc0edc347edf6fbce90809b') in 0.050054 seconds
  Import took 0.059141 seconds .

========================================================================
Received Import Request.
  Time since last request: 4.157077 seconds.
  path: Assets/Prefabs/Enemy 3.prefab
  artifactKey: Guid(959d21de8b9cd4f45844ac7d616ab182) Importer(815301076,1909f56bfc062723c751e8b465ee728b)
Start importing Assets/Prefabs/Enemy 3.prefab using Guid(959d21de8b9cd4f45844ac7d616ab182) Importer(815301076,1909f56bfc062723c751e8b465ee728b)  -> (artifact id: '51df7a34cee92946bcbc683056ab3a2d') in 0.009798 seconds
  Import took 0.027797 seconds .

========================================================================
Received Import Request.
  Time since last request: 3.119921 seconds.
  path: Assets/Prefabs/Enemy 4.prefab
  artifactKey: Guid(d2faf52805851324e9b5f94aa8e1eb96) Importer(815301076,1909f56bfc062723c751e8b465ee728b)
Start importing Assets/Prefabs/Enemy 4.prefab using Guid(d2faf52805851324e9b5f94aa8e1eb96) Importer(815301076,1909f56bfc062723c751e8b465ee728b)  -> (artifact id: '25a04a533054f403cb7784d506a32f8e') in 0.009699 seconds
  Import took 0.012723 seconds .

========================================================================
Received Import Request.
  Time since last request: 0.000795 seconds.
  path: Assets/Prefabs/Enemy 4.prefab
  artifactKey: Guid(d2faf52805851324e9b5f94aa8e1eb96) Importer(815301076,1909f56bfc062723c751e8b465ee728b)
Start importing Assets/Prefabs/Enemy 4.prefab using Guid(d2faf52805851324e9b5f94aa8e1eb96) Importer(815301076,1909f56bfc062723c751e8b465ee728b)  -> (artifact id: '25a04a533054f403cb7784d506a32f8e') in 0.009220 seconds
  Import took 0.012253 seconds .

========================================================================
Received Prepare
Registering precompiled user dll's ...
Registered in 0.002691 seconds.
Begin MonoManager ReloadAssembly
Native extension for WindowsStandalone target not found
Refreshing native plugins compatible for Editor in 0.34 ms, found 2 plugins.
Preloading 0 native plugins for Editor in 0.00 ms.
Warning: Annotation not found!
UnityEngine.StackTraceUtility:ExtractStackTrace ()
UnityEditor.ProBuilder.EditorUtility:SetGizmoIconEnabled (System.Type,bool) (at Library/PackageCache/com.unity.probuilder@4.5.0/Editor/EditorCore/EditorUtility.cs:593)
UnityEditor.ProBuilder.HierarchyListener:.cctor () (at Library/PackageCache/com.unity.probuilder@4.5.0/Editor/EditorCore/HierarchyListener.cs:21)
System.Runtime.CompilerServices.RuntimeHelpers:RunClassConstructor (System.RuntimeTypeHandle)
UnityEditor.EditorAssemblies:ProcessInitializeOnLoadAttributes (System.Type[])

[Library/PackageCache/com.unity.probuilder@4.5.0/Editor/EditorCore/EditorUtility.cs line 593]

Mono: successfully reloaded assembly
- Completed reload, in  1.084 seconds
Platform modules already initialized, skipping
Refreshing native plugins compatible for Editor in 0.34 ms, found 2 plugins.
Preloading 0 native plugins for Editor in 0.00 ms.
Unloading 1728 Unused Serialized files (Serialized files now loaded: 0)
System memory in use before: 82.9 MB.
System memory in use after: 82.9 MB.

Unloading 15 unused Assets to reduce memory usage. Loaded Objects now: 2240.
Total: 3.156200 ms (FindLiveObjects: 0.382300 ms CreateObjectMapping: 0.175300 ms MarkObjects: 2.474600 ms  DeleteObjects: 0.122300 ms)

========================================================================
Received Prepare
Registering precompiled user dll's ...
Registered in 0.002619 seconds.
Begin MonoManager ReloadAssembly
Native extension for WindowsStandalone target not found
Refreshing native plugins compatible for Editor in 0.34 ms, found 2 plugins.
Preloading 0 native plugins for Editor in 0.00 ms.
Warning: Annotation not found!
UnityEngine.StackTraceUtility:ExtractStackTrace ()
UnityEditor.ProBuilder.EditorUtility:SetGizmoIconEnabled (System.Type,bool) (at Library/PackageCache/com.unity.probuilder@4.5.0/Editor/EditorCore/EditorUtility.cs:593)
UnityEditor.ProBuilder.HierarchyListener:.cctor () (at Library/PackageCache/com.unity.probuilder@4.5.0/Editor/EditorCore/HierarchyListener.cs:21)
System.Runtime.CompilerServices.RuntimeHelpers:RunClassConstructor (System.RuntimeTypeHandle)
UnityEditor.EditorAssemblies:ProcessInitializeOnLoadAttributes (System.Type[])

[Library/PackageCache/com.unity.probuilder@4.5.0/Editor/EditorCore/EditorUtility.cs line 593]

Mono: successfully reloaded assembly
- Completed reload, in  1.103 seconds
Platform modules already initialized, skipping
Refreshing native plugins compatible for Editor in 0.36 ms, found 2 plugins.
Preloading 0 native plugins for Editor in 0.00 ms.
Unloading 1728 Unused Serialized files (Serialized files now loaded: 0)
System memory in use before: 82.9 MB.
System memory in use after: 82.9 MB.

Unloading 15 unused Assets to reduce memory usage. Loaded Objects now: 2243.
Total: 2.535300 ms (FindLiveObjects: 0.170400 ms CreateObjectMapping: 0.054800 ms MarkObjects: 2.156000 ms  DeleteObjects: 0.152500 ms)

========================================================================
Received Prepare
Registering precompiled user dll's ...
Registered in 0.172163 seconds.
Begin MonoManager ReloadAssembly
Native extension for WindowsStandalone target not found
Refreshing native plugins compatible for Editor in 0.40 ms, found 2 plugins.
Preloading 0 native plugins for Editor in 0.00 ms.
Warning: Annotation not found!
UnityEngine.StackTraceUtility:ExtractStackTrace ()
UnityEditor.ProBuilder.EditorUtility:SetGizmoIconEnabled (System.Type,bool) (at Library/PackageCache/com.unity.probuilder@4.5.0/Editor/EditorCore/EditorUtility.cs:593)
UnityEditor.ProBuilder.HierarchyListener:.cctor () (at Library/PackageCache/com.unity.probuilder@4.5.0/Editor/EditorCore/HierarchyListener.cs:21)
System.Runtime.CompilerServices.RuntimeHelpers:RunClassConstructor (System.RuntimeTypeHandle)
UnityEditor.EditorAssemblies:ProcessInitializeOnLoadAttributes (System.Type[])

[Library/PackageCache/com.unity.probuilder@4.5.0/Editor/EditorCore/EditorUtility.cs line 593]

Mono: successfully reloaded assembly
- Completed reload, in  1.430 seconds
Platform modules already initialized, skipping
Refreshing native plugins compatible for Editor in 0.35 ms, found 2 plugins.
Preloading 0 native plugins for Editor in 0.00 ms.
Unloading 1728 Unused Serialized files (Serialized files now loaded: 0)
System memory in use before: 82.9 MB.
System memory in use after: 82.9 MB.

Unloading 15 unused Assets to reduce memory usage. Loaded Objects now: 2246.
Total: 3.762100 ms (FindLiveObjects: 0.699500 ms CreateObjectMapping: 0.574500 ms MarkObjects: 2.322900 ms  DeleteObjects: 0.163100 ms)

========================================================================
Received Prepare
Registering precompiled user dll's ...
Registered in 0.002698 seconds.
Begin MonoManager ReloadAssembly
Native extension for WindowsStandalone target not found
Refreshing native plugins compatible for Editor in 0.38 ms, found 2 plugins.
Preloading 0 native plugins for Editor in 0.00 ms.
Warning: Annotation not found!
UnityEngine.StackTraceUtility:ExtractStackTrace ()
UnityEditor.ProBuilder.EditorUtility:SetGizmoIconEnabled (System.Type,bool) (at Library/PackageCache/com.unity.probuilder@4.5.0/Editor/EditorCore/EditorUtility.cs:593)
UnityEditor.ProBuilder.HierarchyListener:.cctor () (at Library/PackageCache/com.unity.probuilder@4.5.0/Editor/EditorCore/HierarchyListener.cs:21)
System.Runtime.CompilerServices.RuntimeHelpers:RunClassConstructor (System.RuntimeTypeHandle)
UnityEditor.EditorAssemblies:ProcessInitializeOnLoadAttributes (System.Type[])

[Library/PackageCache/com.unity.probuilder@4.5.0/Editor/EditorCore/EditorUtility.cs line 593]

Mono: successfully reloaded assembly
- Completed reload, in  1.049 seconds
Platform modules already initialized, skipping
Refreshing native plugins compatible for Editor in 0.35 ms, found 2 plugins.
Preloading 0 native plugins for Editor in 0.00 ms.
Unloading 1728 Unused Serialized files (Serialized files now loaded: 0)
System memory in use before: 82.9 MB.
System memory in use after: 83.0 MB.

Unloading 15 unused Assets to reduce memory usage. Loaded Objects now: 2249.
Total: 2.243300 ms (FindLiveObjects: 0.155400 ms CreateObjectMapping: 0.050200 ms MarkObjects: 1.921100 ms  DeleteObjects: 0.115500 ms)

========================================================================
Received Prepare
Registering precompiled user dll's ...
Registered in 0.002934 seconds.
Begin MonoManager ReloadAssembly
Native extension for WindowsStandalone target not found
Refreshing native plugins compatible for Editor in 0.40 ms, found 2 plugins.
Preloading 0 native plugins for Editor in 0.00 ms.
Warning: Annotation not found!
UnityEngine.StackTraceUtility:ExtractStackTrace ()
UnityEditor.ProBuilder.EditorUtility:SetGizmoIconEnabled (System.Type,bool) (at Library/PackageCache/com.unity.probuilder@4.5.0/Editor/EditorCore/EditorUtility.cs:593)
UnityEditor.ProBuilder.HierarchyListener:.cctor () (at Library/PackageCache/com.unity.probuilder@4.5.0/Editor/EditorCore/HierarchyListener.cs:21)
System.Runtime.CompilerServices.RuntimeHelpers:RunClassConstructor (System.RuntimeTypeHandle)
UnityEditor.EditorAssemblies:ProcessInitializeOnLoadAttributes (System.Type[])

[Library/PackageCache/com.unity.probuilder@4.5.0/Editor/EditorCore/EditorUtility.cs line 593]

Mono: successfully reloaded assembly
- Completed reload, in  1.021 seconds
Platform modules already initialized, skipping
Refreshing native plugins compatible for Editor in 0.34 ms, found 2 plugins.
Preloading 0 native plugins for Editor in 0.00 ms.
Unloading 1728 Unused Serialized files (Serialized files now loaded: 0)
System memory in use before: 82.9 MB.
System memory in use after: 83.0 MB.

Unloading 15 unused Assets to reduce memory usage. Loaded Objects now: 2252.
Total: 2.209100 ms (FindLiveObjects: 0.151500 ms CreateObjectMapping: 0.048700 ms MarkObjects: 1.897100 ms  DeleteObjects: 0.110900 ms)

========================================================================
Received Prepare
Registering precompiled user dll's ...
Registered in 0.003331 seconds.
Begin MonoManager ReloadAssembly
Native extension for WindowsStandalone target not found
Refreshing native plugins compatible for Editor in 0.35 ms, found 2 plugins.
Preloading 0 native plugins for Editor in 0.00 ms.
Warning: Annotation not found!
UnityEngine.StackTraceUtility:ExtractStackTrace ()
UnityEditor.ProBuilder.EditorUtility:SetGizmoIconEnabled (System.Type,bool) (at Library/PackageCache/com.unity.probuilder@4.5.0/Editor/EditorCore/EditorUtility.cs:593)
UnityEditor.ProBuilder.HierarchyListener:.cctor () (at Library/PackageCache/com.unity.probuilder@4.5.0/Editor/EditorCore/HierarchyListener.cs:21)
System.Runtime.CompilerServices.RuntimeHelpers:RunClassConstructor (System.RuntimeTypeHandle)
UnityEditor.EditorAssemblies:ProcessInitializeOnLoadAttributes (System.Type[])

[Library/PackageCache/com.unity.probuilder@4.5.0/Editor/EditorCore/EditorUtility.cs line 593]

Mono: successfully reloaded assembly
- Completed reload, in  1.040 seconds
Platform modules already initialized, skipping
Refreshing native plugins compatible for Editor in 0.35 ms, found 2 plugins.
Preloading 0 native plugins for Editor in 0.00 ms.
Unloading 1728 Unused Serialized files (Serialized files now loaded: 0)
System memory in use before: 82.9 MB.
System memory in use after: 83.0 MB.

Unloading 15 unused Assets to reduce memory usage. Loaded Objects now: 2255.
Total: 2.173300 ms (FindLiveObjects: 0.165900 ms CreateObjectMapping: 0.056300 ms MarkObjects: 1.834800 ms  DeleteObjects: 0.115200 ms)

========================================================================
Received Prepare
Registering precompiled user dll's ...
Registered in 0.002851 seconds.
Begin MonoManager ReloadAssembly
Native extension for WindowsStandalone target not found
Refreshing native plugins compatible for Editor in 0.54 ms, found 2 plugins.
Preloading 0 native plugins for Editor in 0.00 ms.
Warning: Annotation not found!
UnityEngine.StackTraceUtility:ExtractStackTrace ()
UnityEditor.ProBuilder.EditorUtility:SetGizmoIconEnabled (System.Type,bool) (at Library/PackageCache/com.unity.probuilder@4.5.0/Editor/EditorCore/EditorUtility.cs:593)
UnityEditor.ProBuilder.HierarchyListener:.cctor () (at Library/PackageCache/com.unity.probuilder@4.5.0/Editor/EditorCore/HierarchyListener.cs:21)
System.Runtime.CompilerServices.RuntimeHelpers:RunClassConstructor (System.RuntimeTypeHandle)
UnityEditor.EditorAssemblies:ProcessInitializeOnLoadAttributes (System.Type[])

[Library/PackageCache/com.unity.probuilder@4.5.0/Editor/EditorCore/EditorUtility.cs line 593]

Mono: successfully reloaded assembly
- Completed reload, in  1.065 seconds
Platform modules already initialized, skipping
Refreshing native plugins compatible for Editor in 0.49 ms, found 2 plugins.
Preloading 0 native plugins for Editor in 0.00 ms.
Unloading 1728 Unused Serialized files (Serialized files now loaded: 0)
System memory in use before: 82.9 MB.
System memory in use after: 83.0 MB.

Unloading 15 unused Assets to reduce memory usage. Loaded Objects now: 2258.
Total: 2.101600 ms (FindLiveObjects: 0.156600 ms CreateObjectMapping: 0.054500 ms MarkObjects: 1.786700 ms  DeleteObjects: 0.102900 ms)

========================================================================
Received Import Request.
  Time since last request: 3814.174972 seconds.
  path: Assets/Prefabs/Enemy 1.prefab
  artifactKey: Guid(db387b0c52405754a806d3d67d7f61a9) Importer(815301076,1909f56bfc062723c751e8b465ee728b)
Start importing Assets/Prefabs/Enemy 1.prefab using Guid(db387b0c52405754a806d3d67d7f61a9) Importer(815301076,1909f56bfc062723c751e8b465ee728b)  -> (artifact id: '3a16ad949a5b373ebd7d1a30d910783a') in 0.104090 seconds
  Import took 0.107104 seconds .

========================================================================
Received Prepare
Registering precompiled user dll's ...
Registered in 0.002712 seconds.
Begin MonoManager ReloadAssembly
Native extension for WindowsStandalone target not found
Refreshing native plugins compatible for Editor in 0.36 ms, found 2 plugins.
Preloading 0 native plugins for Editor in 0.00 ms.
Warning: Annotation not found!
UnityEngine.StackTraceUtility:ExtractStackTrace ()
UnityEditor.ProBuilder.EditorUtility:SetGizmoIconEnabled (System.Type,bool) (at Library/PackageCache/com.unity.probuilder@4.5.0/Editor/EditorCore/EditorUtility.cs:593)
UnityEditor.ProBuilder.HierarchyListener:.cctor () (at Library/PackageCache/com.unity.probuilder@4.5.0/Editor/EditorCore/HierarchyListener.cs:21)
System.Runtime.CompilerServices.RuntimeHelpers:RunClassConstructor (System.RuntimeTypeHandle)
UnityEditor.EditorAssemblies:ProcessInitializeOnLoadAttributes (System.Type[])

[Library/PackageCache/com.unity.probuilder@4.5.0/Editor/EditorCore/EditorUtility.cs line 593]

Mono: successfully reloaded assembly
- Completed reload, in  1.045 seconds
Platform modules already initialized, skipping
Refreshing native plugins compatible for Editor in 0.34 ms, found 2 plugins.
Preloading 0 native plugins for Editor in 0.00 ms.
Unloading 1728 Unused Serialized files (Serialized files now loaded: 0)
System memory in use before: 82.9 MB.
System memory in use after: 83.0 MB.

Unloading 15 unused Assets to reduce memory usage. Loaded Objects now: 2262.
Total: 2.904000 ms (FindLiveObjects: 0.187000 ms CreateObjectMapping: 0.067400 ms MarkObjects: 2.497000 ms  DeleteObjects: 0.151100 ms)

========================================================================
Received Import Request.
  Time since last request: 124.522179 seconds.
  path: Assets/Prefabs/Enemy 1.prefab
  artifactKey: Guid(db387b0c52405754a806d3d67d7f61a9) Importer(815301076,1909f56bfc062723c751e8b465ee728b)
Start importing Assets/Prefabs/Enemy 1.prefab using Guid(db387b0c52405754a806d3d67d7f61a9) Importer(815301076,1909f56bfc062723c751e8b465ee728b)  -> (artifact id: 'c6dd71f666c18d0fef813dcec71a054d') in 0.049214 seconds
  Import took 0.052003 seconds .

========================================================================
Received Prepare
Registering precompiled user dll's ...
Registered in 0.002863 seconds.
Begin MonoManager ReloadAssembly
Native extension for WindowsStandalone target not found
Refreshing native plugins compatible for Editor in 0.34 ms, found 2 plugins.
Preloading 0 native plugins for Editor in 0.00 ms.
Warning: Annotation not found!
UnityEngine.StackTraceUtility:ExtractStackTrace ()
UnityEditor.ProBuilder.EditorUtility:SetGizmoIconEnabled (System.Type,bool) (at Library/PackageCache/com.unity.probuilder@4.5.0/Editor/EditorCore/EditorUtility.cs:593)
UnityEditor.ProBuilder.HierarchyListener:.cctor () (at Library/PackageCache/com.unity.probuilder@4.5.0/Editor/EditorCore/HierarchyListener.cs:21)
System.Runtime.CompilerServices.RuntimeHelpers:RunClassConstructor (System.RuntimeTypeHandle)
UnityEditor.EditorAssemblies:ProcessInitializeOnLoadAttributes (System.Type[])

[Library/PackageCache/com.unity.probuilder@4.5.0/Editor/EditorCore/EditorUtility.cs line 593]

Mono: successfully reloaded assembly
- Completed reload, in  1.003 seconds
Platform modules already initialized, skipping
Refreshing native plugins compatible for Editor in 0.35 ms, found 2 plugins.
Preloading 0 native plugins for Editor in 0.00 ms.
Unloading 1728 Unused Serialized files (Serialized files now loaded: 0)
System memory in use before: 83.0 MB.
System memory in use after: 83.0 MB.

Unloading 15 unused Assets to reduce memory usage. Loaded Objects now: 2266.
Total: 2.911700 ms (FindLiveObjects: 0.159800 ms CreateObjectMapping: 0.064200 ms MarkObjects: 2.567600 ms  DeleteObjects: 0.119000 ms)

========================================================================
Received Import Request.
  Time since last request: 6.437762 seconds.
  path: Assets/Prefabs/Enemy 1.prefab
  artifactKey: Guid(db387b0c52405754a806d3d67d7f61a9) Importer(815301076,1909f56bfc062723c751e8b465ee728b)
Start importing Assets/Prefabs/Enemy 1.prefab using Guid(db387b0c52405754a806d3d67d7f61a9) Importer(815301076,1909f56bfc062723c751e8b465ee728b)  -> (artifact id: 'd531c0a7521751bffc5d45c9926ca373') in 0.045792 seconds
  Import took 0.071089 seconds .

========================================================================
Received Import Request.
  Time since last request: 3.192229 seconds.
  path: Assets/Prefabs/Enemy 1.prefab
  artifactKey: Guid(db387b0c52405754a806d3d67d7f61a9) Importer(815301076,1909f56bfc062723c751e8b465ee728b)
Start importing Assets/Prefabs/Enemy 1.prefab using Guid(db387b0c52405754a806d3d67d7f61a9) Importer(815301076,1909f56bfc062723c751e8b465ee728b)  -> (artifact id: '7382467a72b4ebb4c6e651d95e6c4c84') in 0.010866 seconds
  Import took 0.025066 seconds .

========================================================================
Received Import Request.
  Time since last request: 1.100939 seconds.
  path: Assets/Prefabs/Enemy 2.prefab
  artifactKey: Guid(17f06985f3ffb164489f740b8558a341) Importer(815301076,1909f56bfc062723c751e8b465ee728b)
Start importing Assets/Prefabs/Enemy 2.prefab using Guid(17f06985f3ffb164489f740b8558a341) Importer(815301076,1909f56bfc062723c751e8b465ee728b)  -> (artifact id: 'beb213e721ae586951950adf7932083c') in 0.022735 seconds
  Import took 0.031333 seconds .

========================================================================
Received Import Request.
  Time since last request: 0.003109 seconds.
  path: Assets/Prefabs/Enemy 2.prefab
  artifactKey: Guid(17f06985f3ffb164489f740b8558a341) Importer(815301076,1909f56bfc062723c751e8b465ee728b)
Start importing Assets/Prefabs/Enemy 2.prefab using Guid(17f06985f3ffb164489f740b8558a341) Importer(815301076,1909f56bfc062723c751e8b465ee728b)  -> (artifact id: 'beb213e721ae586951950adf7932083c') in 0.012590 seconds
  Import took 0.016485 seconds .

========================================================================
Received Import Request.
  Time since last request: 3.689942 seconds.
  path: Assets/Prefabs/Enemy 1.prefab
  artifactKey: Guid(db387b0c52405754a806d3d67d7f61a9) Importer(815301076,1909f56bfc062723c751e8b465ee728b)
Start importing Assets/Prefabs/Enemy 1.prefab using Guid(db387b0c52405754a806d3d67d7f61a9) Importer(815301076,1909f56bfc062723c751e8b465ee728b)  -> (artifact id: '718514a1b974eb2d22ab6a2a018574b4') in 0.019792 seconds
  Import took 0.031907 seconds .

========================================================================
Received Import Request.
  Time since last request: 3.763874 seconds.
  path: Assets/Prefabs/Enemy 3.prefab
  artifactKey: Guid(959d21de8b9cd4f45844ac7d616ab182) Importer(815301076,1909f56bfc062723c751e8b465ee728b)
Start importing Assets/Prefabs/Enemy 3.prefab using Guid(959d21de8b9cd4f45844ac7d616ab182) Importer(815301076,1909f56bfc062723c751e8b465ee728b)  -> (artifact id: 'fa608e0c5de298122c69b4aa7cc2f6a5') in 0.025019 seconds
  Import took 0.027953 seconds .

========================================================================
Received Import Request.
  Time since last request: 1.466427 seconds.
  path: Assets/Prefabs/Enemy 3.prefab
  artifactKey: Guid(959d21de8b9cd4f45844ac7d616ab182) Importer(815301076,1909f56bfc062723c751e8b465ee728b)
Start importing Assets/Prefabs/Enemy 3.prefab using Guid(959d21de8b9cd4f45844ac7d616ab182) Importer(815301076,1909f56bfc062723c751e8b465ee728b)  -> (artifact id: 'ba9fd20abf0892b4c72cbd4c69ae7e2f') in 0.014090 seconds
  Import took 0.025940 seconds .

========================================================================
Received Import Request.
  Time since last request: 0.425225 seconds.
  path: Assets/Prefabs/Enemy 4.prefab
  artifactKey: Guid(d2faf52805851324e9b5f94aa8e1eb96) Importer(815301076,1909f56bfc062723c751e8b465ee728b)
Start importing Assets/Prefabs/Enemy 4.prefab using Guid(d2faf52805851324e9b5f94aa8e1eb96) Importer(815301076,1909f56bfc062723c751e8b465ee728b)  -> (artifact id: '2dc6112f988f7846ae68dd611abd37e6') in 0.018005 seconds
  Import took 0.028838 seconds .

========================================================================
Received Import Request.
  Time since last request: 0.001145 seconds.
  path: Assets/Prefabs/Enemy 4.prefab
  artifactKey: Guid(d2faf52805851324e9b5f94aa8e1eb96) Importer(815301076,1909f56bfc062723c751e8b465ee728b)
Start importing Assets/Prefabs/Enemy 4.prefab using Guid(d2faf52805851324e9b5f94aa8e1eb96) Importer(815301076,1909f56bfc062723c751e8b465ee728b)  -> (artifact id: '2dc6112f988f7846ae68dd611abd37e6') in 0.008363 seconds
  Import took 0.011084 seconds .

========================================================================
Received Import Request.
  Time since last request: 1.313748 seconds.
  path: Assets/Prefabs/Enemy 4.prefab
  artifactKey: Guid(d2faf52805851324e9b5f94aa8e1eb96) Importer(815301076,1909f56bfc062723c751e8b465ee728b)
Start importing Assets/Prefabs/Enemy 4.prefab using Guid(d2faf52805851324e9b5f94aa8e1eb96) Importer(815301076,1909f56bfc062723c751e8b465ee728b)  -> (artifact id: '85f597f7bb52740e214bf0f2ffd1abfb') in 0.009290 seconds
  Import took 0.012387 seconds .

========================================================================
Received Prepare
Registering precompiled user dll's ...
Registered in 0.003267 seconds.
Begin MonoManager ReloadAssembly
Native extension for WindowsStandalone target not found
Refreshing native plugins compatible for Editor in 0.35 ms, found 2 plugins.
Preloading 0 native plugins for Editor in 0.00 ms.
Warning: Annotation not found!
UnityEngine.StackTraceUtility:ExtractStackTrace ()
UnityEditor.ProBuilder.EditorUtility:SetGizmoIconEnabled (System.Type,bool) (at Library/PackageCache/com.unity.probuilder@4.5.0/Editor/EditorCore/EditorUtility.cs:593)
UnityEditor.ProBuilder.HierarchyListener:.cctor () (at Library/PackageCache/com.unity.probuilder@4.5.0/Editor/EditorCore/HierarchyListener.cs:21)
System.Runtime.CompilerServices.RuntimeHelpers:RunClassConstructor (System.RuntimeTypeHandle)
UnityEditor.EditorAssemblies:ProcessInitializeOnLoadAttributes (System.Type[])

[Library/PackageCache/com.unity.probuilder@4.5.0/Editor/EditorCore/EditorUtility.cs line 593]

Mono: successfully reloaded assembly
- Completed reload, in  1.018 seconds
Platform modules already initialized, skipping
Refreshing native plugins compatible for Editor in 0.34 ms, found 2 plugins.
Preloading 0 native plugins for Editor in 0.00 ms.
Unloading 1728 Unused Serialized files (Serialized files now loaded: 0)
System memory in use before: 83.0 MB.
System memory in use after: 83.0 MB.

Unloading 15 unused Assets to reduce memory usage. Loaded Objects now: 2270.
Total: 2.606300 ms (FindLiveObjects: 0.183900 ms CreateObjectMapping: 0.063200 ms MarkObjects: 2.210200 ms  DeleteObjects: 0.138200 ms)

========================================================================
Received Import Request.
  Time since last request: 992.484726 seconds.
  path: Assets/Prefabs/Target.prefab
  artifactKey: Guid(fb91c8d3484223348977240ed88cc6d3) Importer(815301076,1909f56bfc062723c751e8b465ee728b)
Start importing Assets/Prefabs/Target.prefab using Guid(fb91c8d3484223348977240ed88cc6d3) Importer(815301076,1909f56bfc062723c751e8b465ee728b)  -> (artifact id: '18c8370e984f7e07f21c570f49c90ea7') in 0.091419 seconds
  Import took 0.108022 seconds .

========================================================================
Received Import Request.
  Time since last request: 2.691822 seconds.
  path: Assets/Prefabs/Target.prefab
  artifactKey: Guid(fb91c8d3484223348977240ed88cc6d3) Importer(815301076,1909f56bfc062723c751e8b465ee728b)
Start importing Assets/Prefabs/Target.prefab using Guid(fb91c8d3484223348977240ed88cc6d3) Importer(815301076,1909f56bfc062723c751e8b465ee728b)  -> (artifact id: '94768a8c3abb94e45365f05b290d6523') in 0.056672 seconds
  Import took 0.065826 seconds .

========================================================================
Received Prepare
Registering precompiled user dll's ...
Registered in 0.138154 seconds.
Begin MonoManager ReloadAssembly
Native extension for WindowsStandalone target not found
Refreshing native plugins compatible for Editor in 0.35 ms, found 2 plugins.
Preloading 0 native plugins for Editor in 0.00 ms.
Warning: Annotation not found!
UnityEngine.StackTraceUtility:ExtractStackTrace ()
UnityEditor.ProBuilder.EditorUtility:SetGizmoIconEnabled (System.Type,bool) (at Library/PackageCache/com.unity.probuilder@4.5.0/Editor/EditorCore/EditorUtility.cs:593)
UnityEditor.ProBuilder.HierarchyListener:.cctor () (at Library/PackageCache/com.unity.probuilder@4.5.0/Editor/EditorCore/HierarchyListener.cs:21)
System.Runtime.CompilerServices.RuntimeHelpers:RunClassConstructor (System.RuntimeTypeHandle)
UnityEditor.EditorAssemblies:ProcessInitializeOnLoadAttributes (System.Type[])

[Library/PackageCache/com.unity.probuilder@4.5.0/Editor/EditorCore/EditorUtility.cs line 593]

Mono: successfully reloaded assembly
- Completed reload, in  1.144 seconds
Platform modules already initialized, skipping
Refreshing native plugins compatible for Editor in 0.34 ms, found 2 plugins.
Preloading 0 native plugins for Editor in 0.00 ms.
Unloading 1728 Unused Serialized files (Serialized files now loaded: 0)
System memory in use before: 83.0 MB.
System memory in use after: 83.0 MB.

Unloading 15 unused Assets to reduce memory usage. Loaded Objects now: 2274.
Total: 2.234900 ms (FindLiveObjects: 0.148700 ms CreateObjectMapping: 0.048300 ms MarkObjects: 1.925800 ms  DeleteObjects: 0.111400 ms)

========================================================================
Received Prepare
Registering precompiled user dll's ...
Registered in 0.002559 seconds.
Begin MonoManager ReloadAssembly
Native extension for WindowsStandalone target not found
Refreshing native plugins compatible for Editor in 0.35 ms, found 2 plugins.
Preloading 0 native plugins for Editor in 0.00 ms.
Warning: Annotation not found!
UnityEngine.StackTraceUtility:ExtractStackTrace ()
UnityEditor.ProBuilder.EditorUtility:SetGizmoIconEnabled (System.Type,bool) (at Library/PackageCache/com.unity.probuilder@4.5.0/Editor/EditorCore/EditorUtility.cs:593)
UnityEditor.ProBuilder.HierarchyListener:.cctor () (at Library/PackageCache/com.unity.probuilder@4.5.0/Editor/EditorCore/HierarchyListener.cs:21)
System.Runtime.CompilerServices.RuntimeHelpers:RunClassConstructor (System.RuntimeTypeHandle)
UnityEditor.EditorAssemblies:ProcessInitializeOnLoadAttributes (System.Type[])

[Library/PackageCache/com.unity.probuilder@4.5.0/Editor/EditorCore/EditorUtility.cs line 593]

Mono: successfully reloaded assembly
- Completed reload, in  0.990 seconds
Platform modules already initialized, skipping
Refreshing native plugins compatible for Editor in 0.36 ms, found 2 plugins.
Preloading 0 native plugins for Editor in 0.00 ms.
Unloading 1728 Unused Serialized files (Serialized files now loaded: 0)
System memory in use before: 83.0 MB.
System memory in use after: 83.0 MB.

Unloading 15 unused Assets to reduce memory usage. Loaded Objects now: 2277.
Total: 2.247900 ms (FindLiveObjects: 0.153100 ms CreateObjectMapping: 0.053200 ms MarkObjects: 1.934600 ms  DeleteObjects: 0.105800 ms)

========================================================================
Received Prepare
Registering precompiled user dll's ...
Registered in 0.002591 seconds.
Begin MonoManager ReloadAssembly
Native extension for WindowsStandalone target not found
Refreshing native plugins compatible for Editor in 0.38 ms, found 2 plugins.
Preloading 0 native plugins for Editor in 0.00 ms.
Warning: Annotation not found!
UnityEngine.StackTraceUtility:ExtractStackTrace ()
UnityEditor.ProBuilder.EditorUtility:SetGizmoIconEnabled (System.Type,bool) (at Library/PackageCache/com.unity.probuilder@4.5.0/Editor/EditorCore/EditorUtility.cs:593)
UnityEditor.ProBuilder.HierarchyListener:.cctor () (at Library/PackageCache/com.unity.probuilder@4.5.0/Editor/EditorCore/HierarchyListener.cs:21)
System.Runtime.CompilerServices.RuntimeHelpers:RunClassConstructor (System.RuntimeTypeHandle)
UnityEditor.EditorAssemblies:ProcessInitializeOnLoadAttributes (System.Type[])

[Library/PackageCache/com.unity.probuilder@4.5.0/Editor/EditorCore/EditorUtility.cs line 593]

Mono: successfully reloaded assembly
- Completed reload, in  1.080 seconds
Platform modules already initialized, skipping
Refreshing native plugins compatible for Editor in 0.37 ms, found 2 plugins.
Preloading 0 native plugins for Editor in 0.00 ms.
Unloading 1728 Unused Serialized files (Serialized files now loaded: 0)
System memory in use before: 83.0 MB.
System memory in use after: 83.0 MB.

Unloading 15 unused Assets to reduce memory usage. Loaded Objects now: 2280.
Total: 2.565100 ms (FindLiveObjects: 0.185500 ms CreateObjectMapping: 0.072000 ms MarkObjects: 2.192500 ms  DeleteObjects: 0.113800 ms)

========================================================================
Received Prepare
Registering precompiled user dll's ...
Registered in 0.002749 seconds.
Begin MonoManager ReloadAssembly
Native extension for WindowsStandalone target not found
Refreshing native plugins compatible for Editor in 0.34 ms, found 2 plugins.
Preloading 0 native plugins for Editor in 0.00 ms.
Warning: Annotation not found!
UnityEngine.StackTraceUtility:ExtractStackTrace ()
UnityEditor.ProBuilder.EditorUtility:SetGizmoIconEnabled (System.Type,bool) (at Library/PackageCache/com.unity.probuilder@4.5.0/Editor/EditorCore/EditorUtility.cs:593)
UnityEditor.ProBuilder.HierarchyListener:.cctor () (at Library/PackageCache/com.unity.probuilder@4.5.0/Editor/EditorCore/HierarchyListener.cs:21)
System.Runtime.CompilerServices.RuntimeHelpers:RunClassConstructor (System.RuntimeTypeHandle)
UnityEditor.EditorAssemblies:ProcessInitializeOnLoadAttributes (System.Type[])

[Library/PackageCache/com.unity.probuilder@4.5.0/Editor/EditorCore/EditorUtility.cs line 593]

Mono: successfully reloaded assembly
- Completed reload, in  0.972 seconds
Platform modules already initialized, skipping
Refreshing native plugins compatible for Editor in 0.39 ms, found 2 plugins.
Preloading 0 native plugins for Editor in 0.00 ms.
Unloading 1728 Unused Serialized files (Serialized files now loaded: 0)
System memory in use before: 83.0 MB.
System memory in use after: 83.0 MB.

Unloading 15 unused Assets to reduce memory usage. Loaded Objects now: 2283.
Total: 2.489600 ms (FindLiveObjects: 0.153300 ms CreateObjectMapping: 0.052400 ms MarkObjects: 2.170800 ms  DeleteObjects: 0.112100 ms)

========================================================================
Received Prepare
Registering precompiled user dll's ...
Registered in 0.002901 seconds.
Begin MonoManager ReloadAssembly
Native extension for WindowsStandalone target not found
Refreshing native plugins compatible for Editor in 0.35 ms, found 2 plugins.
Preloading 0 native plugins for Editor in 0.00 ms.
Warning: Annotation not found!
UnityEngine.StackTraceUtility:ExtractStackTrace ()
UnityEditor.ProBuilder.EditorUtility:SetGizmoIconEnabled (System.Type,bool) (at Library/PackageCache/com.unity.probuilder@4.5.0/Editor/EditorCore/EditorUtility.cs:593)
UnityEditor.ProBuilder.HierarchyListener:.cctor () (at Library/PackageCache/com.unity.probuilder@4.5.0/Editor/EditorCore/HierarchyListener.cs:21)
System.Runtime.CompilerServices.RuntimeHelpers:RunClassConstructor (System.RuntimeTypeHandle)
UnityEditor.EditorAssemblies:ProcessInitializeOnLoadAttributes (System.Type[])

[Library/PackageCache/com.unity.probuilder@4.5.0/Editor/EditorCore/EditorUtility.cs line 593]

Mono: successfully reloaded assembly
- Completed reload, in  0.973 seconds
Platform modules already initialized, skipping
Refreshing native plugins compatible for Editor in 0.35 ms, found 2 plugins.
Preloading 0 native plugins for Editor in 0.00 ms.
Unloading 1728 Unused Serialized files (Serialized files now loaded: 0)
System memory in use before: 83.0 MB.
System memory in use after: 83.1 MB.

Unloading 15 unused Assets to reduce memory usage. Loaded Objects now: 2286.
Total: 2.182200 ms (FindLiveObjects: 0.156300 ms CreateObjectMapping: 0.052500 ms MarkObjects: 1.866100 ms  DeleteObjects: 0.106100 ms)

========================================================================
Received Import Request.
  Time since last request: 778.884830 seconds.
  path: Assets/Prefabs/Target.prefab
  artifactKey: Guid(fb91c8d3484223348977240ed88cc6d3) Importer(815301076,1909f56bfc062723c751e8b465ee728b)
Start importing Assets/Prefabs/Target.prefab using Guid(fb91c8d3484223348977240ed88cc6d3) Importer(815301076,1909f56bfc062723c751e8b465ee728b)  -> (artifact id: '291bcb19b92af05d78c6ecaf520dea2f') in 0.072274 seconds
  Import took 0.100154 seconds .

========================================================================
Received Prepare
Registering precompiled user dll's ...
Registered in 0.002721 seconds.
Begin MonoManager ReloadAssembly
Native extension for WindowsStandalone target not found
Refreshing native plugins compatible for Editor in 0.37 ms, found 2 plugins.
Preloading 0 native plugins for Editor in 0.00 ms.
Warning: Annotation not found!
UnityEngine.StackTraceUtility:ExtractStackTrace ()
UnityEditor.ProBuilder.EditorUtility:SetGizmoIconEnabled (System.Type,bool) (at Library/PackageCache/com.unity.probuilder@4.5.0/Editor/EditorCore/EditorUtility.cs:593)
UnityEditor.ProBuilder.HierarchyListener:.cctor () (at Library/PackageCache/com.unity.probuilder@4.5.0/Editor/EditorCore/HierarchyListener.cs:21)
System.Runtime.CompilerServices.RuntimeHelpers:RunClassConstructor (System.RuntimeTypeHandle)
UnityEditor.EditorAssemblies:ProcessInitializeOnLoadAttributes (System.Type[])

[Library/PackageCache/com.unity.probuilder@4.5.0/Editor/EditorCore/EditorUtility.cs line 593]

Mono: successfully reloaded assembly
- Completed reload, in  0.979 seconds
Platform modules already initialized, skipping
Refreshing native plugins compatible for Editor in 0.34 ms, found 2 plugins.
Preloading 0 native plugins for Editor in 0.00 ms.
Unloading 1728 Unused Serialized files (Serialized files now loaded: 0)
System memory in use before: 83.0 MB.
System memory in use after: 83.1 MB.

Unloading 15 unused Assets to reduce memory usage. Loaded Objects now: 2290.
Total: 2.258100 ms (FindLiveObjects: 0.146700 ms CreateObjectMapping: 0.048900 ms MarkObjects: 1.956500 ms  DeleteObjects: 0.105200 ms)

========================================================================
Received Prepare
Registering precompiled user dll's ...
Registered in 0.002656 seconds.
Begin MonoManager ReloadAssembly
Native extension for WindowsStandalone target not found
Refreshing native plugins compatible for Editor in 0.37 ms, found 2 plugins.
Preloading 0 native plugins for Editor in 0.00 ms.
Warning: Annotation not found!
UnityEngine.StackTraceUtility:ExtractStackTrace ()
UnityEditor.ProBuilder.EditorUtility:SetGizmoIconEnabled (System.Type,bool) (at Library/PackageCache/com.unity.probuilder@4.5.0/Editor/EditorCore/EditorUtility.cs:593)
UnityEditor.ProBuilder.HierarchyListener:.cctor () (at Library/PackageCache/com.unity.probuilder@4.5.0/Editor/EditorCore/HierarchyListener.cs:21)
System.Runtime.CompilerServices.RuntimeHelpers:RunClassConstructor (System.RuntimeTypeHandle)
UnityEditor.EditorAssemblies:ProcessInitializeOnLoadAttributes (System.Type[])

[Library/PackageCache/com.unity.probuilder@4.5.0/Editor/EditorCore/EditorUtility.cs line 593]

Mono: successfully reloaded assembly
- Completed reload, in  0.999 seconds
Platform modules already initialized, skipping
Refreshing native plugins compatible for Editor in 0.34 ms, found 2 plugins.
Preloading 0 native plugins for Editor in 0.00 ms.
Unloading 1728 Unused Serialized files (Serialized files now loaded: 0)
System memory in use before: 83.0 MB.
System memory in use after: 83.1 MB.

Unloading 15 unused Assets to reduce memory usage. Loaded Objects now: 2293.
Total: 2.232300 ms (FindLiveObjects: 0.153600 ms CreateObjectMapping: 0.051000 ms MarkObjects: 1.922000 ms  DeleteObjects: 0.104700 ms)

========================================================================
Received Prepare
Registering precompiled user dll's ...
Registered in 0.002616 seconds.
Begin MonoManager ReloadAssembly
Native extension for WindowsStandalone target not found
Refreshing native plugins compatible for Editor in 0.34 ms, found 2 plugins.
Preloading 0 native plugins for Editor in 0.00 ms.
Warning: Annotation not found!
UnityEngine.StackTraceUtility:ExtractStackTrace ()
UnityEditor.ProBuilder.EditorUtility:SetGizmoIconEnabled (System.Type,bool) (at Library/PackageCache/com.unity.probuilder@4.5.0/Editor/EditorCore/EditorUtility.cs:593)
UnityEditor.ProBuilder.HierarchyListener:.cctor () (at Library/PackageCache/com.unity.probuilder@4.5.0/Editor/EditorCore/HierarchyListener.cs:21)
System.Runtime.CompilerServices.RuntimeHelpers:RunClassConstructor (System.RuntimeTypeHandle)
UnityEditor.EditorAssemblies:ProcessInitializeOnLoadAttributes (System.Type[])

[Library/PackageCache/com.unity.probuilder@4.5.0/Editor/EditorCore/EditorUtility.cs line 593]

Mono: successfully reloaded assembly
- Completed reload, in  0.994 seconds
Platform modules already initialized, skipping
Refreshing native plugins compatible for Editor in 0.42 ms, found 2 plugins.
Preloading 0 native plugins for Editor in 0.00 ms.
Unloading 1728 Unused Serialized files (Serialized files now loaded: 0)
System memory in use before: 83.0 MB.
System memory in use after: 83.1 MB.

Unloading 15 unused Assets to reduce memory usage. Loaded Objects now: 2296.
Total: 2.332100 ms (FindLiveObjects: 0.160800 ms CreateObjectMapping: 0.055700 ms MarkObjects: 2.000700 ms  DeleteObjects: 0.113700 ms)

========================================================================
Received Prepare
Registering precompiled user dll's ...
Registered in 0.002623 seconds.
Begin MonoManager ReloadAssembly
Native extension for WindowsStandalone target not found
Refreshing native plugins compatible for Editor in 0.34 ms, found 2 plugins.
Preloading 0 native plugins for Editor in 0.00 ms.
Warning: Annotation not found!
UnityEngine.StackTraceUtility:ExtractStackTrace ()
UnityEditor.ProBuilder.EditorUtility:SetGizmoIconEnabled (System.Type,bool) (at Library/PackageCache/com.unity.probuilder@4.5.0/Editor/EditorCore/EditorUtility.cs:593)
UnityEditor.ProBuilder.HierarchyListener:.cctor () (at Library/PackageCache/com.unity.probuilder@4.5.0/Editor/EditorCore/HierarchyListener.cs:21)
System.Runtime.CompilerServices.RuntimeHelpers:RunClassConstructor (System.RuntimeTypeHandle)
UnityEditor.EditorAssemblies:ProcessInitializeOnLoadAttributes (System.Type[])

[Library/PackageCache/com.unity.probuilder@4.5.0/Editor/EditorCore/EditorUtility.cs line 593]

Mono: successfully reloaded assembly
- Completed reload, in  0.988 seconds
Platform modules already initialized, skipping
Refreshing native plugins compatible for Editor in 0.35 ms, found 2 plugins.
Preloading 0 native plugins for Editor in 0.00 ms.
Unloading 1728 Unused Serialized files (Serialized files now loaded: 0)
System memory in use before: 83.1 MB.
System memory in use after: 83.1 MB.

Unloading 15 unused Assets to reduce memory usage. Loaded Objects now: 2299.
Total: 2.155600 ms (FindLiveObjects: 0.147200 ms CreateObjectMapping: 0.049000 ms MarkObjects: 1.851300 ms  DeleteObjects: 0.107300 ms)

========================================================================
Received Import Request.
  Time since last request: 89.074822 seconds.
  path: Assets/Prefabs/Target.prefab
  artifactKey: Guid(fb91c8d3484223348977240ed88cc6d3) Importer(815301076,1909f56bfc062723c751e8b465ee728b)
Start importing Assets/Prefabs/Target.prefab using Guid(fb91c8d3484223348977240ed88cc6d3) Importer(815301076,1909f56bfc062723c751e8b465ee728b)  -> (artifact id: 'c039966adf85bad964eb038bdd73049c') in 0.057927 seconds
  Import took 0.073019 seconds .

========================================================================
Received Import Request.
  Time since last request: 3.650720 seconds.
  path: Assets/Prefabs/Target.prefab
  artifactKey: Guid(fb91c8d3484223348977240ed88cc6d3) Importer(815301076,1909f56bfc062723c751e8b465ee728b)
Start importing Assets/Prefabs/Target.prefab using Guid(fb91c8d3484223348977240ed88cc6d3) Importer(815301076,1909f56bfc062723c751e8b465ee728b)  -> (artifact id: '36940674e3b9ad13c386fab263a5ab03') in 0.007977 seconds
  Import took 0.023517 seconds .

========================================================================
Received Prepare
Registering precompiled user dll's ...
Registered in 0.002592 seconds.
Begin MonoManager ReloadAssembly
Native extension for WindowsStandalone target not found
Refreshing native plugins compatible for Editor in 0.34 ms, found 2 plugins.
Preloading 0 native plugins for Editor in 0.00 ms.
Warning: Annotation not found!
UnityEngine.StackTraceUtility:ExtractStackTrace ()
UnityEditor.ProBuilder.EditorUtility:SetGizmoIconEnabled (System.Type,bool) (at Library/PackageCache/com.unity.probuilder@4.5.0/Editor/EditorCore/EditorUtility.cs:593)
UnityEditor.ProBuilder.HierarchyListener:.cctor () (at Library/PackageCache/com.unity.probuilder@4.5.0/Editor/EditorCore/HierarchyListener.cs:21)
System.Runtime.CompilerServices.RuntimeHelpers:RunClassConstructor (System.RuntimeTypeHandle)
UnityEditor.EditorAssemblies:ProcessInitializeOnLoadAttributes (System.Type[])

[Library/PackageCache/com.unity.probuilder@4.5.0/Editor/EditorCore/EditorUtility.cs line 593]

Mono: successfully reloaded assembly
- Completed reload, in  1.024 seconds
Platform modules already initialized, skipping
Refreshing native plugins compatible for Editor in 0.36 ms, found 2 plugins.
Preloading 0 native plugins for Editor in 0.00 ms.
Unloading 1728 Unused Serialized files (Serialized files now loaded: 0)
System memory in use before: 83.1 MB.
System memory in use after: 83.1 MB.

Unloading 15 unused Assets to reduce memory usage. Loaded Objects now: 2303.
Total: 2.581100 ms (FindLiveObjects: 0.161200 ms CreateObjectMapping: 0.056700 ms MarkObjects: 2.226400 ms  DeleteObjects: 0.135700 ms)

========================================================================
Received Import Request.
  Time since last request: 12.109659 seconds.
  path: Assets/Prefabs/Target.prefab
  artifactKey: Guid(fb91c8d3484223348977240ed88cc6d3) Importer(815301076,1909f56bfc062723c751e8b465ee728b)
Start importing Assets/Prefabs/Target.prefab using Guid(fb91c8d3484223348977240ed88cc6d3) Importer(815301076,1909f56bfc062723c751e8b465ee728b)  -> (artifact id: '2544f4064442aa51fbf53557505870f7') in 0.042448 seconds
  Import took 0.052296 seconds .

========================================================================
Received Prepare
Registering precompiled user dll's ...
Registered in 0.002706 seconds.
Begin MonoManager ReloadAssembly
Native extension for WindowsStandalone target not found
Refreshing native plugins compatible for Editor in 0.34 ms, found 2 plugins.
Preloading 0 native plugins for Editor in 0.00 ms.
Warning: Annotation not found!
UnityEngine.StackTraceUtility:ExtractStackTrace ()
UnityEditor.ProBuilder.EditorUtility:SetGizmoIconEnabled (System.Type,bool) (at Library/PackageCache/com.unity.probuilder@4.5.0/Editor/EditorCore/EditorUtility.cs:593)
UnityEditor.ProBuilder.HierarchyListener:.cctor () (at Library/PackageCache/com.unity.probuilder@4.5.0/Editor/EditorCore/HierarchyListener.cs:21)
System.Runtime.CompilerServices.RuntimeHelpers:RunClassConstructor (System.RuntimeTypeHandle)
UnityEditor.EditorAssemblies:ProcessInitializeOnLoadAttributes (System.Type[])

[Library/PackageCache/com.unity.probuilder@4.5.0/Editor/EditorCore/EditorUtility.cs line 593]

Mono: successfully reloaded assembly
- Completed reload, in  0.988 seconds
Platform modules already initialized, skipping
Refreshing native plugins compatible for Editor in 0.41 ms, found 2 plugins.
Preloading 0 native plugins for Editor in 0.00 ms.
Unloading 1728 Unused Serialized files (Serialized files now loaded: 0)
System memory in use before: 83.1 MB.
System memory in use after: 83.1 MB.

Unloading 15 unused Assets to reduce memory usage. Loaded Objects now: 2307.
Total: 2.384400 ms (FindLiveObjects: 0.203300 ms CreateObjectMapping: 0.063600 ms MarkObjects: 2.005500 ms  DeleteObjects: 0.110900 ms)

========================================================================
Received Prepare
Registering precompiled user dll's ...
Registered in 0.003211 seconds.
Begin MonoManager ReloadAssembly
Native extension for WindowsStandalone target not found
Refreshing native plugins compatible for Editor in 0.48 ms, found 2 plugins.
Preloading 0 native plugins for Editor in 0.00 ms.
Warning: Annotation not found!
UnityEngine.StackTraceUtility:ExtractStackTrace ()
UnityEditor.ProBuilder.EditorUtility:SetGizmoIconEnabled (System.Type,bool) (at Library/PackageCache/com.unity.probuilder@4.5.0/Editor/EditorCore/EditorUtility.cs:593)
UnityEditor.ProBuilder.HierarchyListener:.cctor () (at Library/PackageCache/com.unity.probuilder@4.5.0/Editor/EditorCore/HierarchyListener.cs:21)
System.Runtime.CompilerServices.RuntimeHelpers:RunClassConstructor (System.RuntimeTypeHandle)
UnityEditor.EditorAssemblies:ProcessInitializeOnLoadAttributes (System.Type[])

[Library/PackageCache/com.unity.probuilder@4.5.0/Editor/EditorCore/EditorUtility.cs line 593]

Mono: successfully reloaded assembly
- Completed reload, in  1.168 seconds
Platform modules already initialized, skipping
Refreshing native plugins compatible for Editor in 0.46 ms, found 2 plugins.
Preloading 0 native plugins for Editor in 0.00 ms.
Unloading 1728 Unused Serialized files (Serialized files now loaded: 0)
System memory in use before: 83.1 MB.
System memory in use after: 83.1 MB.

Unloading 15 unused Assets to reduce memory usage. Loaded Objects now: 2310.
Total: 2.834600 ms (FindLiveObjects: 0.177500 ms CreateObjectMapping: 0.056900 ms MarkObjects: 2.462800 ms  DeleteObjects: 0.135900 ms)

========================================================================
Received Prepare
Registering precompiled user dll's ...
Registered in 0.002658 seconds.
Begin MonoManager ReloadAssembly
Native extension for WindowsStandalone target not found
Refreshing native plugins compatible for Editor in 0.34 ms, found 2 plugins.
Preloading 0 native plugins for Editor in 0.00 ms.
Warning: Annotation not found!
UnityEngine.StackTraceUtility:ExtractStackTrace ()
UnityEditor.ProBuilder.EditorUtility:SetGizmoIconEnabled (System.Type,bool) (at Library/PackageCache/com.unity.probuilder@4.5.0/Editor/EditorCore/EditorUtility.cs:593)
UnityEditor.ProBuilder.HierarchyListener:.cctor () (at Library/PackageCache/com.unity.probuilder@4.5.0/Editor/EditorCore/HierarchyListener.cs:21)
System.Runtime.CompilerServices.RuntimeHelpers:RunClassConstructor (System.RuntimeTypeHandle)
UnityEditor.EditorAssemblies:ProcessInitializeOnLoadAttributes (System.Type[])

[Library/PackageCache/com.unity.probuilder@4.5.0/Editor/EditorCore/EditorUtility.cs line 593]

Mono: successfully reloaded assembly
- Completed reload, in  0.977 seconds
Platform modules already initialized, skipping
Refreshing native plugins compatible for Editor in 0.36 ms, found 2 plugins.
Preloading 0 native plugins for Editor in 0.00 ms.
Unloading 1728 Unused Serialized files (Serialized files now loaded: 0)
System memory in use before: 83.1 MB.
System memory in use after: 83.1 MB.

Unloading 15 unused Assets to reduce memory usage. Loaded Objects now: 2313.
Total: 2.226200 ms (FindLiveObjects: 0.155600 ms CreateObjectMapping: 0.048200 ms MarkObjects: 1.914600 ms  DeleteObjects: 0.107000 ms)

========================================================================
Received Prepare
Registering precompiled user dll's ...
Registered in 0.002580 seconds.
Begin MonoManager ReloadAssembly
Native extension for WindowsStandalone target not found
Refreshing native plugins compatible for Editor in 0.38 ms, found 2 plugins.
Preloading 0 native plugins for Editor in 0.00 ms.
Warning: Annotation not found!
UnityEngine.StackTraceUtility:ExtractStackTrace ()
UnityEditor.ProBuilder.EditorUtility:SetGizmoIconEnabled (System.Type,bool) (at Library/PackageCache/com.unity.probuilder@4.5.0/Editor/EditorCore/EditorUtility.cs:593)
UnityEditor.ProBuilder.HierarchyListener:.cctor () (at Library/PackageCache/com.unity.probuilder@4.5.0/Editor/EditorCore/HierarchyListener.cs:21)
System.Runtime.CompilerServices.RuntimeHelpers:RunClassConstructor (System.RuntimeTypeHandle)
UnityEditor.EditorAssemblies:ProcessInitializeOnLoadAttributes (System.Type[])

[Library/PackageCache/com.unity.probuilder@4.5.0/Editor/EditorCore/EditorUtility.cs line 593]

Mono: successfully reloaded assembly
- Completed reload, in  0.968 seconds
Platform modules already initialized, skipping
Refreshing native plugins compatible for Editor in 0.36 ms, found 2 plugins.
Preloading 0 native plugins for Editor in 0.00 ms.
Unloading 1728 Unused Serialized files (Serialized files now loaded: 0)
System memory in use before: 83.1 MB.
System memory in use after: 83.1 MB.

Unloading 15 unused Assets to reduce memory usage. Loaded Objects now: 2316.
Total: 2.302300 ms (FindLiveObjects: 0.168900 ms CreateObjectMapping: 0.056300 ms MarkObjects: 1.963700 ms  DeleteObjects: 0.112300 ms)

